<?xml version="1.0" encoding="UTF-8"?>
<!-- Generated by org.testng.reporters.JUnitReportReporter -->
<testsuite hostname="Koushik" failures="0" tests="2" name="org.letcode.test.TC001Login" time="91.004" errors="0" timestamp="05 May 2021 14:50:35 GMT" skipped="0">
  <testcase classname="org.letcode.test.TC001Login" name="loginTest" time="37.951"/>
  <testcase classname="org.letcode.test.TC001Login" name="loginTest" time="53.053"/>
</testsuite> <!-- org.letcode.test.TC001Login -->
