<?xml version="1.0" encoding="UTF-8"?>
<!-- Generated by org.testng.reporters.JUnitReportReporter -->
<testsuite hostname="Koushik" failures="0" tests="1" name="org.letcode.test.TC002Login" time="15.205" errors="0" timestamp="24 Apr 2021 08:09:15 GMT" skipped="0">
  <testcase classname="org.letcode.test.TC002Login" name="loginTest2" time="15.205"/>
</testsuite> <!-- org.letcode.test.TC002Login -->
